Izakaya_100421/Temp/gradleOut/unityLibrary/build/intermediates/manifest_merge_blame_file/release/manifest-merger-blame-release-report.txt
1<?xml version="1.0" encoding="utf-8"?>
2<!-- GENERATED BY UNITY. REMOVE THIS COMMENT TO PREVENT OVERWRITING WHEN EXPORTING AGAIN -->
3<manifest xmlns:android="http://schemas.android.com/apk/res/android"
4    xmlns:tools="http://schemas.android.com/tools"
5    package="com.unity3d.player"
6    android:installLocation="auto"
7    android:versionCode="1"
8    android:versionName="0.1" >
9
10    <uses-sdk
11        android:minSdkVersion="23"
11-->src/main/AndroidManifest.xml
12        android:targetSdkVersion="29" />
12-->src/main/AndroidManifest.xml
13
14    <uses-feature android:glEsVersion="0x00030000" />
14-->src/main/AndroidManifest.xml:23:3-52
14-->src/main/AndroidManifest.xml:23:17-49
15    <uses-feature
15-->src/main/AndroidManifest.xml:24:3-91
16        android:name="android.hardware.vulkan.version"
16-->src/main/AndroidManifest.xml:24:17-63
17        android:required="false" />
17-->src/main/AndroidManifest.xml:24:64-88
18
19    <supports-gl-texture android:name="GL_KHR_texture_compression_astc_ldr" />
19-->src/main/AndroidManifest.xml:25:3-77
19-->src/main/AndroidManifest.xml:25:24-74
20
21    <uses-permission android:name="android.permission.INTERNET" />
21-->src/main/AndroidManifest.xml:26:3-65
21-->src/main/AndroidManifest.xml:26:20-62
22
23    <uses-feature
23-->src/main/AndroidManifest.xml:27:3-88
24        android:name="android.hardware.touchscreen"
24-->src/main/AndroidManifest.xml:27:17-60
25        android:required="false" />
25-->src/main/AndroidManifest.xml:27:61-85
26    <uses-feature
26-->src/main/AndroidManifest.xml:28:3-99
27        android:name="android.hardware.touchscreen.multitouch"
27-->src/main/AndroidManifest.xml:28:17-71
28        android:required="false" />
28-->src/main/AndroidManifest.xml:28:72-96
29    <uses-feature
29-->src/main/AndroidManifest.xml:29:3-108
30        android:name="android.hardware.touchscreen.multitouch.distinct"
30-->src/main/AndroidManifest.xml:29:17-80
31        android:required="false" />
31-->src/main/AndroidManifest.xml:29:81-105
32    <uses-feature
32-->src/main/AndroidManifest.xml:30:3-111
33        android:name="android.hardware.vr.headtracking"
33-->src/main/AndroidManifest.xml:30:17-64
34        android:required="true"
34-->src/main/AndroidManifest.xml:30:65-88
35        android:version="1" />
35-->src/main/AndroidManifest.xml:30:89-108
36
37    <application>
37-->src/main/AndroidManifest.xml:4:3-22:17
38        <activity
38-->src/main/AndroidManifest.xml:5:5-14:16
39            android:name="com.unity3d.player.UnityPlayerActivity"
39-->src/main/AndroidManifest.xml:5:15-68
40            android:configChanges="keyboard|keyboardHidden|navigation|orientation|screenLayout|screenSize|uiMode"
40-->src/main/AndroidManifest.xml:5:204-305
41            android:hardwareAccelerated="false"
41-->src/main/AndroidManifest.xml:5:306-341
42            android:launchMode="singleTask"
42-->src/main/AndroidManifest.xml:5:172-203
43            android:screenOrientation="landscape"
43-->src/main/AndroidManifest.xml:5:134-171
44            android:theme="@android:style/Theme.Black.NoTitleBar.Fullscreen" >
44-->src/main/AndroidManifest.xml:5:69-133
45            <intent-filter>
45-->src/main/AndroidManifest.xml:6:7-10:23
46                <action android:name="android.intent.action.MAIN" />
46-->src/main/AndroidManifest.xml:7:9-61
46-->src/main/AndroidManifest.xml:7:17-58
47
48                <category android:name="android.intent.category.LAUNCHER" />
48-->src/main/AndroidManifest.xml:8:9-69
48-->src/main/AndroidManifest.xml:8:19-66
49                <category android:name="com.oculus.intent.category.VR" />
49-->src/main/AndroidManifest.xml:9:9-66
49-->src/main/AndroidManifest.xml:9:19-63
50            </intent-filter>
51
52            <meta-data
52-->src/main/AndroidManifest.xml:11:7-82
53                android:name="unityplayer.UnityActivity"
53-->src/main/AndroidManifest.xml:11:18-58
54                android:value="true" />
54-->src/main/AndroidManifest.xml:11:59-79
55            <meta-data
55-->src/main/AndroidManifest.xml:12:7-78
56                android:name="android.notch_support"
56-->src/main/AndroidManifest.xml:12:18-54
57                android:value="true" />
57-->src/main/AndroidManifest.xml:12:55-75
58            <meta-data
58-->src/main/AndroidManifest.xml:13:7-81
59                android:name="com.oculus.vr.focusaware"
59-->src/main/AndroidManifest.xml:13:18-57
60                android:value="true" />
60-->src/main/AndroidManifest.xml:13:58-78
61        </activity>
62
63        <meta-data
63-->src/main/AndroidManifest.xml:15:5-69
64            android:name="unity.splash-mode"
64-->src/main/AndroidManifest.xml:15:16-48
65            android:value="0" />
65-->src/main/AndroidManifest.xml:15:49-66
66        <meta-data
66-->src/main/AndroidManifest.xml:16:5-74
67            android:name="unity.splash-enable"
67-->src/main/AndroidManifest.xml:16:16-50
68            android:value="True" />
68-->src/main/AndroidManifest.xml:16:51-71
69        <meta-data
69-->src/main/AndroidManifest.xml:17:5-81
70            android:name="notch.config"
70-->src/main/AndroidManifest.xml:17:16-43
71            android:value="portrait|landscape" />
71-->src/main/AndroidManifest.xml:17:44-78
72        <meta-data
72-->src/main/AndroidManifest.xml:18:5-101
73            android:name="unity.build-id"
73-->src/main/AndroidManifest.xml:18:16-45
74            android:value="9cabc0a1-ef34-4348-9f36-1ad383e693cf" />
74-->src/main/AndroidManifest.xml:18:46-98
75        <meta-data
75-->src/main/AndroidManifest.xml:19:5-97
76            android:name="com.samsung.android.vr.application.mode"
76-->src/main/AndroidManifest.xml:19:16-70
77            android:value="vr_only" />
77-->src/main/AndroidManifest.xml:19:71-94
78        <meta-data
78-->src/main/AndroidManifest.xml:20:5-91
79            android:name="com.unity.xr.oculus.LowOverheadMode"
79-->src/main/AndroidManifest.xml:20:16-66
80            android:value="false" />
80-->src/main/AndroidManifest.xml:20:67-88
81        <meta-data
81-->src/main/AndroidManifest.xml:21:5-90
82            android:name="com.oculus.supportedDevices"
82-->src/main/AndroidManifest.xml:21:16-58
83            android:value="quest|quest2" />
83-->src/main/AndroidManifest.xml:21:59-87
84    </application>
85
86</manifest>